2023-02-27 00:28:18.572  INFO 34308 --- [main] t.e._.a.AeroportProjectApplication       : Starting AeroportProjectApplication using Java 19.0.2 on LAPTOP-9UL745OL with PID 34308 (C:\Spring Workspace\AeroportProject\target\classes started by Hanen Azzouz in C:\Spring Workspace\AeroportProject)
2023-02-27 00:28:18.580  INFO 34308 --- [main] t.e._.a.AeroportProjectApplication       : No active profile set, falling back to 1 default profile: "default"
2023-02-27 00:28:19.301  INFO 34308 --- [main] .s.d.r.c.RepositoryConfigurationDelegate : Bootstrapping Spring Data JPA repositories in DEFAULT mode.
2023-02-27 00:28:19.344  INFO 34308 --- [main] .s.d.r.c.RepositoryConfigurationDelegate : Finished Spring Data repository scanning in 35 ms. Found 4 JPA repository interfaces.
2023-02-27 00:28:19.916  INFO 34308 --- [main] o.s.b.w.embedded.tomcat.TomcatWebServer  : Tomcat initialized with port(s): 8081 (http)
2023-02-27 00:28:19.925  INFO 34308 --- [main] o.apache.catalina.core.StandardService   : Starting service [Tomcat]
2023-02-27 00:28:19.926  INFO 34308 --- [main] org.apache.catalina.core.StandardEngine  : Starting Servlet engine: [Apache Tomcat/9.0.71]
2023-02-27 00:28:20.116  INFO 34308 --- [main] o.a.c.c.C.[.[localhost].[/aeroport]      : Initializing Spring embedded WebApplicationContext
2023-02-27 00:28:20.116  INFO 34308 --- [main] w.s.c.ServletWebServerApplicationContext : Root WebApplicationContext: initialization completed in 1480 ms
2023-02-27 00:28:20.301  INFO 34308 --- [main] o.hibernate.jpa.internal.util.LogHelper  : HHH000204: Processing PersistenceUnitInfo [name: default]
2023-02-27 00:28:20.354  INFO 34308 --- [main] org.hibernate.Version                    : HHH000412: Hibernate ORM core version 5.6.14.Final
2023-02-27 00:28:20.489  INFO 34308 --- [main] o.hibernate.annotations.common.Version   : HCANN000001: Hibernate Commons Annotations {5.1.2.Final}
2023-02-27 00:28:20.591  INFO 34308 --- [main] com.zaxxer.hikari.HikariDataSource       : HikariPool-1 - Starting...
2023-02-27 00:28:20.708  INFO 34308 --- [main] com.zaxxer.hikari.HikariDataSource       : HikariPool-1 - Start completed.
2023-02-27 00:28:20.728  INFO 34308 --- [main] org.hibernate.dialect.Dialect            : HHH000400: Using dialect: org.hibernate.dialect.MySQL55Dialect
2023-02-27 00:28:21.320  INFO 34308 --- [main] o.h.e.t.j.p.i.JtaPlatformInitiator       : HHH000490: Using JtaPlatform implementation: [org.hibernate.engine.transaction.jta.platform.internal.NoJtaPlatform]
2023-02-27 00:28:21.329  INFO 34308 --- [main] j.LocalContainerEntityManagerFactoryBean : Initialized JPA EntityManagerFactory for persistence unit 'default'
2023-02-27 00:28:21.808  WARN 34308 --- [main] JpaBaseConfiguration$JpaWebConfiguration : spring.jpa.open-in-view is enabled by default. Therefore, database queries may be performed during view rendering. Explicitly configure spring.jpa.open-in-view to disable this warning
2023-02-27 00:28:22.592  INFO 34308 --- [main] o.s.b.w.embedded.tomcat.TomcatWebServer  : Tomcat started on port(s): 8081 (http) with context path '/aeroport'
2023-02-27 00:28:22.603  INFO 34308 --- [main] t.e._.a.AeroportProjectApplication       : Started AeroportProjectApplication in 4.437 seconds (JVM running for 5.467)
2023-02-27 00:28:53.836  INFO 34308 --- [http-nio-8081-exec-1] o.a.c.c.C.[.[localhost].[/aeroport]      : Initializing Spring DispatcherServlet 'dispatcherServlet'
2023-02-27 00:28:53.836  INFO 34308 --- [http-nio-8081-exec-1] o.s.web.servlet.DispatcherServlet        : Initializing Servlet 'dispatcherServlet'
2023-02-27 00:28:53.838  INFO 34308 --- [http-nio-8081-exec-1] o.s.web.servlet.DispatcherServlet        : Completed initialization in 2 ms
2023-02-27 00:28:54.440  INFO 34308 --- [http-nio-8081-exec-9] o.springdoc.api.AbstractOpenApiResource  : Init duration for springdoc-openapi is: 278 ms
2023-02-27 00:35:15.443  INFO 34308 --- [SpringApplicationShutdownHook] j.LocalContainerEntityManagerFactoryBean : Closing JPA EntityManagerFactory for persistence unit 'default'
2023-02-27 00:35:15.444  INFO 34308 --- [SpringApplicationShutdownHook] com.zaxxer.hikari.HikariDataSource       : HikariPool-1 - Shutdown initiated...
2023-02-27 00:35:15.453  INFO 34308 --- [SpringApplicationShutdownHook] com.zaxxer.hikari.HikariDataSource       : HikariPool-1 - Shutdown completed.
